2020/04/20 08:16:55 main.go:34: Listening on port:  8400
2020/04/20 08:16:55 main.go:39: Error al conectar con la base de datos unable to open database file: no such file or directory
2020/04/20 08:28:12 main.go:34: Listening on port:  8400
2020/04/20 08:28:12 main.go:39: Error al conectar con la base de datos unable to open database file: no such file or directory
2020/04/20 08:29:15 main.go:34: Listening on port:  8400
2020/04/20 08:29:15 main.go:39: Error al conectar con la base de datos unable to open database file: no such file or directory
2020/04/20 08:59:27 main.go:34: Listening on port:  8400
2020/04/20 08:59:27 main.go:55: connected to mssql
2020/04/20 09:03:59 main.go:34: Listening on port:  8400
2020/04/20 09:03:59 main.go:55: connected to mssql
2020/04/20 09:05:26 main.go:34: Listening on port:  8400
2020/04/20 09:05:26 main.go:40: Error al conectar con la base de datos unable to open database file: no such file or directory
2020/04/20 09:06:22 main.go:34: Listening on port:  8400
2020/04/20 09:06:22 main.go:40: Error al conectar con la base de datos unable to open database file: no such file or directory
2020/04/20 09:08:54 main.go:34: Listening on port:  8400
2020/04/20 09:08:54 main.go:59: connected to mssql
2020/04/20 09:11:01 main.go:34: Listening on port:  8400
2020/04/20 09:11:01 main.go:59: connected to mssql
2020/04/20 09:12:08 main.go:107: Page not found
2020/04/20 09:16:19 main.go:34: Listening on port:  8400
2020/04/20 09:16:19 main.go:59: connected to mssql
2020/04/20 09:18:39 main.go:34: Listening on port:  8400
2020/04/20 09:18:39 main.go:59: connected to mssql
2020/04/20 09:20:45 main.go:34: Listening on port:  8400
2020/04/20 09:20:45 main.go:59: connected to mssql
2020/04/20 09:24:59 main.go:34: Listening on port:  8400
2020/04/20 09:24:59 main.go:59: connected to mssql
2020/04/20 09:25:04 main.go:107: Page not found
2020/04/20 11:33:18 main.go:107: Page not found
2020/04/20 11:39:54 main.go:34: Listening on port:  8400
2020/04/20 11:39:54 main.go:59: connected to mssql
2020/04/20 11:42:11 main.go:34: Listening on port:  8400
2020/04/20 11:42:11 main.go:59: connected to mssql
2020/04/20 11:42:56 main.go:107: Page not found
2020/04/20 11:42:57 main.go:107: Page not found
2020/04/20 11:43:58 main.go:34: Listening on port:  8400
2020/04/20 11:43:58 main.go:59: connected to mssql
2020/04/20 11:44:42 main.go:34: Listening on port:  8400
2020/04/20 11:44:42 main.go:59: connected to mssql
2020/04/20 11:44:47 main.go:107: Page not found
2020/04/20 11:45:16 main.go:34: Listening on port:  8400
2020/04/20 11:45:16 main.go:59: connected to mssql
2020/04/20 11:45:23 main.go:107: Page not found
2020/04/20 11:47:38 main.go:34: Listening on port:  8400
2020/04/20 11:47:38 main.go:59: connected to mssql
2020/04/20 11:47:49 main.go:107: Page not found
2020/04/20 11:48:14 main.go:34: Listening on port:  8400
2020/04/20 11:48:14 main.go:59: connected to mssql
2020/04/20 11:48:16 main.go:107: Page not found
2020/04/20 11:48:18 main.go:34: Listening on port:  8400
2020/04/20 11:48:18 main.go:59: connected to mssql
2020/04/20 11:48:18 main.go:107: Page not found
2020/04/20 11:48:30 main.go:107: Page not found
2020/04/20 11:48:31 main.go:107: Page not found
2020/04/20 11:48:32 main.go:34: Listening on port:  8400
2020/04/20 11:48:32 main.go:59: connected to mssql
2020/04/20 11:48:35 main.go:107: Page not found
2020/04/20 11:48:55 main.go:34: Listening on port:  8400
2020/04/20 11:48:55 main.go:59: connected to mssql
2020/04/20 11:49:05 main.go:107: Page not found
2020/04/20 11:49:33 main.go:107: Page not found
2020/04/20 11:49:35 main.go:107: Page not found
2020/04/20 11:50:12 main.go:34: Listening on port:  8400
2020/04/20 11:50:12 main.go:59: connected to mssql
2020/04/20 11:50:20 main.go:34: Listening on port:  8400
2020/04/20 11:50:20 main.go:59: connected to mssql
2020/04/20 11:50:29 main.go:34: Listening on port:  8400
2020/04/20 11:50:29 main.go:59: connected to mssql
2020/04/20 11:50:42 main.go:34: Listening on port:  8400
2020/04/20 11:50:42 main.go:59: connected to mssql
2020/04/20 11:51:21 main.go:34: Listening on port:  8400
2020/04/20 11:51:21 main.go:59: connected to mssql
2020/04/20 11:51:55 main.go:34: Listening on port:  8400
2020/04/20 11:51:55 main.go:59: connected to mssql
2020/04/20 11:52:53 main.go:34: Listening on port:  8400
2020/04/20 11:52:53 main.go:59: connected to mssql
2020/04/20 11:53:00 main.go:107: Page not found
2020/04/20 11:53:04 main.go:107: Page not found
2020/04/20 11:53:35 main.go:107: Page not found
2020/04/20 11:53:36 main.go:34: Listening on port:  8400
2020/04/20 11:53:36 main.go:59: connected to mssql
2020/04/20 11:53:36 main.go:107: Page not found
2020/04/20 11:53:39 main.go:107: Page not found
2020/04/20 11:53:42 main.go:107: Page not found
2020/04/20 11:54:10 main.go:34: Listening on port:  8400
2020/04/20 11:54:10 main.go:59: connected to mssql
2020/04/20 11:55:12 main.go:107: Page not found
2020/04/20 11:55:52 main.go:34: Listening on port:  8400
2020/04/20 11:55:52 main.go:59: connected to mssql
2020/04/20 11:55:53 main.go:107: Page not found
2020/04/20 11:56:32 main.go:34: Listening on port:  8400
2020/04/20 11:56:32 main.go:59: connected to mssql
2020/04/20 11:56:36 main.go:34: Listening on port:  8400
2020/04/20 11:56:36 main.go:59: connected to mssql
2020/04/20 11:58:25 main.go:34: Listening on port:  8400
2020/04/20 11:58:25 main.go:59: connected to mssql
2020/04/20 11:58:35 main.go:34: Listening on port:  8400
2020/04/20 11:58:35 main.go:59: connected to mssql
2020/04/20 11:58:41 main.go:34: Listening on port:  8400
2020/04/20 11:58:41 main.go:59: connected to mssql
2020/04/20 11:58:53 main.go:107: Page not found
2020/04/20 11:59:17 main.go:107: Page not found
2020/04/20 11:59:48 main.go:34: Listening on port:  8400
2020/04/20 11:59:48 main.go:59: connected to mssql
2020/04/20 11:59:52 main.go:34: Listening on port:  8400
2020/04/20 11:59:52 main.go:59: connected to mssql
2020/04/20 12:00:01 main.go:34: Listening on port:  8400
2020/04/20 12:00:01 main.go:59: connected to mssql
2020/04/20 12:00:12 main.go:34: Listening on port:  8400
2020/04/20 12:00:12 main.go:59: connected to mssql
2020/04/20 12:00:19 main.go:34: Listening on port:  8400
2020/04/20 12:00:19 main.go:59: connected to mssql
2020/04/20 12:00:35 main.go:107: Page not found
2020/04/20 12:00:36 main.go:34: Listening on port:  8400
2020/04/20 12:00:36 main.go:59: connected to mssql
2020/04/20 12:00:41 main.go:107: Page not found
2020/04/20 12:01:13 main.go:34: Listening on port:  8400
2020/04/20 12:01:13 main.go:59: connected to mssql
2020/04/20 12:01:17 main.go:107: Page not found
2020/04/20 12:01:21 main.go:107: Page not found
2020/04/20 12:02:28 main.go:34: Listening on port:  8400
2020/04/20 12:02:28 main.go:59: connected to mssql
2020/04/20 12:02:30 main.go:107: Page not found
2020/04/20 12:02:32 main.go:107: Page not found
2020/04/20 12:02:32 main.go:107: Page not found
2020/04/20 12:09:44 main.go:34: Listening on port:  8400
2020/04/20 12:09:44 main.go:59: connected to mssql
2020/04/20 12:10:22 main.go:34: Listening on port:  8400
2020/04/20 12:10:22 main.go:59: connected to mssql
2020/04/20 12:10:24 main.go:107: Page not found
2020/04/20 12:10:44 main.go:34: Listening on port:  8400
2020/04/20 12:10:44 main.go:59: connected to mssql
2020/04/20 12:10:48 main.go:107: Page not found
2020/04/20 12:11:51 main.go:34: Listening on port:  8400
2020/04/20 12:11:51 main.go:59: connected to mssql
2020/04/20 12:11:56 main.go:107: Page not found
2020/04/20 12:12:14 main.go:107: Page not found
2020/04/20 12:12:39 main.go:34: Listening on port:  8400
2020/04/20 12:12:39 main.go:59: connected to mssql
2020/04/20 12:12:58 main.go:34: Listening on port:  8400
2020/04/20 12:12:58 main.go:59: connected to mssql
2020/04/20 12:13:10 main.go:107: Page not found
2020/04/20 12:13:17 main.go:107: Page not found
2020/04/20 12:13:54 main.go:107: Page not found
2020/04/20 12:14:28 main.go:34: Listening on port:  8400
2020/04/20 12:14:28 main.go:59: connected to mssql
2020/04/20 12:14:30 main.go:107: Page not found
2020/04/20 12:49:45 main.go:34: Listening on port:  8400
2020/04/20 12:49:45 main.go:59: connected to mssql
2020/04/20 12:50:05 main.go:34: Listening on port:  8400
2020/04/20 12:50:05 main.go:59: connected to mssql
2020/04/20 12:50:12 main.go:34: Listening on port:  8400
2020/04/20 12:50:12 main.go:59: connected to mssql
2020/04/20 13:10:45 main.go:34: Listening on port:  8400
2020/04/20 13:10:45 main.go:59: connected to mssql
2020/04/20 13:10:52 main.go:34: Listening on port:  8400
2020/04/20 13:10:52 main.go:59: connected to mssql
2020/04/20 13:13:14 main.go:34: Listening on port:  8400
2020/04/20 13:13:14 main.go:59: connected to mssql
2020/04/20 13:13:17 main.go:34: Listening on port:  8400
2020/04/20 13:13:17 main.go:59: connected to mssql
2020/04/20 13:13:27 main.go:34: Listening on port:  8400
2020/04/20 13:13:27 main.go:59: connected to mssql
2020/04/20 13:13:35 main.go:34: Listening on port:  8400
2020/04/20 13:13:35 main.go:59: connected to mssql
2020/04/20 13:16:43 main.go:34: Listening on port:  8400
2020/04/20 13:16:43 main.go:59: connected to mssql
2020/04/20 13:17:00 main.go:34: Listening on port:  8400
2020/04/20 13:17:00 main.go:59: connected to mssql
2020/04/20 13:17:03 main.go:34: Listening on port:  8400
2020/04/20 13:17:03 main.go:59: connected to mssql
2020/04/20 13:17:08 main.go:34: Listening on port:  8400
2020/04/20 13:17:08 main.go:59: connected to mssql
2020/04/20 13:19:04 main.go:34: Listening on port:  8400
2020/04/20 13:19:04 main.go:59: connected to mssql
2020/04/20 13:19:06 main.go:34: Listening on port:  8400
2020/04/20 13:19:06 main.go:59: connected to mssql
2020/04/20 13:27:42 main.go:34: Listening on port:  8400
2020/04/20 13:27:42 main.go:59: connected to mssql
2020/04/20 13:28:35 main.go:34: Listening on port:  8400
2020/04/20 13:28:35 main.go:59: connected to mssql
2020/04/20 13:28:38 main.go:34: Listening on port:  8400
2020/04/20 13:28:38 main.go:59: connected to mssql
2020/04/20 13:28:43 main.go:34: Listening on port:  8400
2020/04/20 13:28:43 main.go:59: connected to mssql
2020/04/20 13:28:49 main.go:34: Listening on port:  8400
2020/04/20 13:28:49 main.go:59: connected to mssql
2020/04/20 13:43:30 main.go:34: Listening on port:  8400
2020/04/20 13:43:30 main.go:59: connected to mssql
2020/04/20 13:43:34 main.go:34: Listening on port:  8400
2020/04/20 13:43:34 main.go:59: connected to mssql
2020/04/20 13:44:04 main.go:34: Listening on port:  8400
2020/04/20 13:44:04 main.go:59: connected to mssql
2020/04/20 13:44:13 main.go:34: Listening on port:  8400
2020/04/20 13:44:13 main.go:59: connected to mssql
2020/04/20 13:44:17 main.go:34: Listening on port:  8400
2020/04/20 13:44:17 main.go:59: connected to mssql
2020/04/20 13:44:27 main.go:34: Listening on port:  8400
2020/04/20 13:44:27 main.go:59: connected to mssql
2020/04/20 13:44:34 main.go:34: Listening on port:  8400
2020/04/20 13:44:34 main.go:59: connected to mssql
2020/04/20 13:44:44 main.go:34: Listening on port:  8400
2020/04/20 13:44:44 main.go:59: connected to mssql
2020/04/20 13:44:54 main.go:34: Listening on port:  8400
2020/04/20 13:44:54 main.go:59: connected to mssql
2020/04/20 13:45:10 main.go:34: Listening on port:  8400
2020/04/20 13:45:10 main.go:59: connected to mssql
2020/04/20 13:45:19 main.go:34: Listening on port:  8400
2020/04/20 13:45:19 main.go:59: connected to mssql
2020/04/20 13:46:30 main.go:34: Listening on port:  8400
2020/04/20 13:46:30 main.go:59: connected to mssql
2020/04/20 13:47:04 main.go:34: Listening on port:  8400
2020/04/20 13:47:04 main.go:59: connected to mssql
2020/04/20 14:01:51 main.go:34: Listening on port:  8400
2020/04/20 14:01:51 main.go:63: connected to mssql
2020/04/20 14:07:52 main.go:34: Listening on port:  8400
2020/04/20 14:07:52 main.go:63: connected to mssql
2020/04/20 14:09:44 main.go:34: Listening on port:  8400
2020/04/20 14:09:44 main.go:63: connected to mssql
2020/04/20 14:09:54 main.go:34: Listening on port:  8400
2020/04/20 14:09:54 main.go:63: connected to mssql
2020/04/20 14:10:17 main.go:34: Listening on port:  8400
2020/04/20 14:10:17 main.go:63: connected to mssql
2020/04/20 14:11:21 main.go:34: Listening on port:  8400
2020/04/20 14:11:21 main.go:63: connected to mssql
2020/04/20 14:11:24 main.go:34: Listening on port:  8400
2020/04/20 14:11:24 main.go:63: connected to mssql
2020/04/20 14:12:19 main.go:34: Listening on port:  8400
2020/04/20 14:12:19 main.go:63: connected to mssql
2020/04/20 14:12:26 main.go:34: Listening on port:  8400
2020/04/20 14:12:26 main.go:63: connected to mssql
2020/04/20 14:12:27 main.go:34: Listening on port:  8400
2020/04/20 14:12:27 main.go:63: connected to mssql
2020/04/20 14:12:49 main.go:34: Listening on port:  8400
2020/04/20 14:12:49 main.go:63: connected to mssql
2020/04/20 14:13:08 main.go:34: Listening on port:  8400
2020/04/20 14:13:08 main.go:63: connected to mssql
2020/04/20 14:16:15 main.go:34: Listening on port:  8400
2020/04/20 14:16:15 main.go:63: connected to mssql
2020/04/20 14:16:25 main.go:34: Listening on port:  8400
2020/04/20 14:16:25 main.go:63: connected to mssql
2020/04/20 14:17:21 main.go:34: Listening on port:  8400
2020/04/20 14:17:21 main.go:63: connected to mssql
2020/04/20 14:17:43 main.go:34: Listening on port:  8400
2020/04/20 14:17:43 main.go:63: connected to mssql
2020/04/20 14:17:56 main.go:34: Listening on port:  8400
2020/04/20 14:17:56 main.go:63: connected to mssql
2020/04/20 14:18:47 main.go:34: Listening on port:  8400
2020/04/20 14:18:47 main.go:63: connected to mssql
2020/04/20 16:16:24 comanda.go:129: Insert Comanda error, cannot decode &{%!s(*io.LimitedReader=&{0xc0001da3c0 0}) <nil> %!s(*bufio.Reader=<nil>) %!s(bool=false) %!s(bool=true) {%!s(int32=0) %!s(uint32=0)} %!s(bool=true) %!s(bool=false) %!s(bool=false) %!s(func()=0x438c080)}
invalid character '}' looking for beginning of object key string
2020/04/20 16:18:48 comanda.go:129: Insert Comanda error, cannot decode &{%!s(*io.LimitedReader=&{0xc0001da3c0 0}) <nil> %!s(*bufio.Reader=<nil>) %!s(bool=false) %!s(bool=true) {%!s(int32=0) %!s(uint32=0)} %!s(bool=true) %!s(bool=false) %!s(bool=false) %!s(func()=0x438c080)}
invalid character ':' looking for beginning of value
2020/04/20 16:19:06 comanda.go:129: Insert Comanda error, cannot decode &{%!s(*io.LimitedReader=&{0xc0001da3c0 0}) <nil> %!s(*bufio.Reader=<nil>) %!s(bool=false) %!s(bool=true) {%!s(int32=0) %!s(uint32=0)} %!s(bool=true) %!s(bool=false) %!s(bool=false) %!s(func()=0x438c080)}
invalid character ':' looking for beginning of value
2020/04/20 16:20:10 main.go:34: Listening on port:  8400
2020/04/20 16:20:10 main.go:63: connected to mssql
2020/04/20 16:20:27 comanda.go:129: Insert Comanda error, cannot decode &{%!s(*io.LimitedReader=&{0xc0001c4420 0}) <nil> %!s(*bufio.Reader=<nil>) %!s(bool=false) %!s(bool=true) {%!s(int32=0) %!s(uint32=0)} %!s(bool=true) %!s(bool=false) %!s(bool=false) %!s(func()=0x438c080)}
json: cannot unmarshal number into Go struct field ComandaItem.Items.ItemID of type string
2020/04/20 16:21:13 main.go:34: Listening on port:  8400
2020/04/20 16:21:13 main.go:63: connected to mssql
2020/04/20 16:21:15 comanda.go:129: Insert Comanda error, cannot decode &{%!s(*io.LimitedReader=&{0xc0001e03c0 0}) <nil> %!s(*bufio.Reader=<nil>) %!s(bool=false) %!s(bool=true) {%!s(int32=0) %!s(uint32=0)} %!s(bool=true) %!s(bool=false) %!s(bool=false) %!s(func()=0x438c0d0)}
json: cannot unmarshal string into Go struct field ComandaItem.Items.ItemID of type int
2020/04/20 16:21:16 comanda.go:129: Insert Comanda error, cannot decode &{%!s(*io.LimitedReader=&{0xc0001e03c0 0}) <nil> %!s(*bufio.Reader=<nil>) %!s(bool=false) %!s(bool=true) {%!s(int32=0) %!s(uint32=0)} %!s(bool=true) %!s(bool=false) %!s(bool=false) %!s(func()=0x438c0d0)}
json: cannot unmarshal string into Go struct field ComandaItem.Items.ItemID of type int
2020/04/20 16:25:28 main.go:34: Listening on port:  8400
2020/04/20 16:25:28 main.go:63: connected to mssql
2020/04/20 16:26:56 main.go:34: Listening on port:  8400
2020/04/20 16:26:56 main.go:63: connected to mssql
2020/04/20 16:31:29 main.go:34: Listening on port:  8400
2020/04/20 16:31:29 main.go:63: connected to mssql
2020/04/20 16:32:21 main.go:34: Listening on port:  8400
2020/04/20 16:32:21 main.go:63: connected to mssql
2020/04/20 16:34:48 main.go:34: Listening on port:  8400
2020/04/20 16:34:48 main.go:63: connected to mssql
2020/04/20 16:35:31 main.go:34: Listening on port:  8400
2020/04/20 16:35:31 main.go:63: connected to mssql
2020/04/20 16:36:57 main.go:34: Listening on port:  8400
2020/04/20 16:36:57 main.go:63: connected to mssql
2020/04/20 16:37:04 main.go:34: Listening on port:  8400
2020/04/20 16:37:04 main.go:63: connected to mssql
2020/04/20 16:37:10 main.go:34: Listening on port:  8400
2020/04/20 16:37:10 main.go:63: connected to mssql
2020/04/20 16:44:00 main.go:34: Listening on port:  8400
2020/04/20 16:44:00 main.go:63: connected to mssql
2020/04/20 16:44:43 main.go:34: Listening on port:  8400
2020/04/20 16:44:43 main.go:63: connected to mssql
2020/04/20 16:45:08 main.go:34: Listening on port:  8400
2020/04/20 16:45:08 main.go:63: connected to mssql
2020/04/20 16:45:36 main.go:34: Listening on port:  8400
2020/04/20 16:45:36 main.go:63: connected to mssql
2020/04/20 16:48:01 main.go:34: Listening on port:  8400
2020/04/20 16:48:01 main.go:63: connected to mssql
2020/04/20 16:48:12 main.go:34: Listening on port:  8400
2020/04/20 16:48:12 main.go:63: connected to mssql
2020/04/22 08:26:20 main.go:34: Listening on port:  8400
2020/04/22 08:26:20 main.go:63: connected to mssql
2020/04/22 09:40:13 main.go:34: Listening on port:  8400
2020/04/22 09:40:13 main.go:63: connected to mssql
2020/04/22 09:43:34 main.go:34: Listening on port:  8400
2020/04/22 09:43:34 main.go:63: connected to mssql
2020/04/22 09:43:41 main.go:34: Listening on port:  8400
2020/04/22 09:43:41 main.go:63: connected to mssql
2020/04/22 09:44:07 main.go:34: Listening on port:  8400
2020/04/22 09:44:12 main.go:63: connected to mssql
2020/04/22 09:53:22 main.go:34: Listening on port:  8400
2020/04/22 09:53:22 main.go:63: connected to mssql
2020/08/11 17:38:27 main.go:32: Listening on port:  8400
2020/08/11 17:38:27 main.go:62: connected to sqlite database
2020/08/11 17:40:31 main.go:32: Listening on port:  8400
2020/08/11 17:40:31 main.go:62: connected to sqlite database
2020/08/11 17:43:11 main.go:32: Listening on port:  8400
2020/08/11 17:43:11 main.go:62: connected to sqlite database
2020/08/11 17:44:09 main.go:32: Listening on port:  8400
2020/08/11 17:44:09 main.go:62: connected to sqlite database
2020/08/11 17:47:09 main.go:100: Page not found
2020/08/11 17:47:23 main.go:100: Page not found
2020/08/11 17:48:43 main.go:100: Page not found
